<?xml version="1.0" encoding="UTF-8"?>
<!-- Generated by org.testng.reporters.JUnitXMLReporter -->
<testsuite ignored="0" hostname="DESKTOP-GEN6HL4" failures="0" tests="4" name="Test" time="6.553" errors="0" timestamp="2023-08-28T08:41:54 IST">
  <testcase classname="testng.ExtentReport" name="openBig" time="0.969"/>
  <testcase classname="testng.ExtentReport" name="openGoogle" time="1.966"/>
  <testcase classname="testng.ExtentReport" name="openMaven" time="3.571"/>
  <testcase classname="testng.AmazonTest" name="f" time="0.001"/>
</testsuite> <!-- Test -->
